
Iterations = 10001:999901
Thinning interval = 100 
Number of chains = 15 
Sample size per chain = 9900 

1. Empirical mean and standard deviation for each variable,
   plus standard error of the mean:

                      Mean       SD  Naive SE Time-series SE
alpha[1]         4.378e+00 0.396886 1.030e-03      1.038e-03
alpha[10]        6.053e+00 0.690510 1.792e-03      2.280e-03
alpha[2]         4.965e+00 0.514191 1.334e-03      1.448e-03
alpha[3]         4.197e+00 0.406149 1.054e-03      1.067e-03
alpha[4]         3.985e+00 0.356074 9.240e-04      9.335e-04
alpha[5]         5.546e+00 0.662446 1.719e-03      2.354e-03
alpha[6]         2.865e+00 0.274372 7.120e-04      7.144e-04
alpha[7]         3.518e+00 0.361242 9.374e-04      9.962e-04
alpha[8]         3.010e+00 0.252097 6.542e-04      6.712e-04
alpha[9]         5.563e+00 0.581276 1.508e-03      1.686e-03
beta[1]          5.449e-02 0.007973 2.069e-05      2.075e-05
beta[10]         6.712e-02 0.014085 3.655e-05      4.590e-05
beta[2]          6.016e-02 0.008279 2.148e-05      2.329e-05
beta[3]          6.005e-02 0.010790 2.800e-05      2.860e-05
beta[4]          6.029e-02 0.007603 1.973e-05      1.993e-05
beta[5]          8.234e-02 0.014829 3.848e-05      5.293e-05
beta[6]          4.949e-02 0.006740 1.749e-05      1.779e-05
beta[7]          7.342e-02 0.010176 2.641e-05      2.863e-05
beta[8]          4.777e-02 0.007220 1.874e-05      1.931e-05
beta[9]          5.363e-02 0.007984 2.072e-05      2.302e-05
delta.alpha[1]   6.630e-02 0.254751 6.611e-04      6.610e-04
delta.alpha[10]  1.938e-01 0.355693 9.230e-04      9.373e-04
delta.alpha[2]   3.575e-02 0.246034 6.385e-04      6.430e-04
delta.alpha[3]   1.505e-01 0.289134 7.503e-04      7.560e-04
delta.alpha[4]  -5.987e-02 0.259987 6.747e-04      6.851e-04
delta.alpha[5]   1.318e-01 0.276043 7.163e-04      7.243e-04
delta.alpha[6]   3.477e-03 0.234771 6.092e-04      6.113e-04
delta.alpha[7]   2.400e-02 0.234285 6.080e-04      6.143e-04
delta.alpha[8]   1.163e-01 0.229115 5.946e-04      5.985e-04
delta.alpha[9]   3.869e-02 0.274984 7.136e-04      7.192e-04
deviance         1.515e+03 7.951785 2.063e-02      2.391e-02
mu.alpha         4.315e+00 0.490688 1.273e-03      1.299e-03
mu.beta          6.090e-02 0.006919 1.795e-05      1.981e-05
mu.delta.alpha   7.020e-02 0.179447 4.657e-04      4.772e-04

2. Quantiles for each variable:

                      2.5%        25%        50%       75%     97.5%
alpha[1]           3.63610    4.10591    4.36806 4.635e+00 5.194e+00
alpha[10]          4.89218    5.56999    5.98638 6.460e+00 7.596e+00
alpha[2]           4.02871    4.61130    4.93647 5.287e+00 6.055e+00
alpha[3]           3.45186    3.91651    4.17789 4.458e+00 5.046e+00
alpha[4]           3.32606    3.74087    3.97162 4.214e+00 4.725e+00
alpha[5]           4.43125    5.07327    5.48649 5.953e+00 7.015e+00
alpha[6]           2.34740    2.67574    2.85879 3.047e+00 3.420e+00
alpha[7]           2.87166    3.26491    3.49810 3.749e+00 4.281e+00
alpha[8]           2.53395    2.83462    3.00385 3.177e+00 3.521e+00
alpha[9]           4.48108    5.16482    5.54141 5.934e+00 6.773e+00
beta[1]            0.03904    0.04913    0.05446 5.968e-02 7.059e-02
beta[10]           0.04307    0.05753    0.06560 7.529e-02 9.890e-02
beta[2]            0.04478    0.05454    0.05978 6.538e-02 7.756e-02
beta[3]            0.03934    0.05300    0.05966 6.679e-02 8.246e-02
beta[4]            0.04589    0.05518    0.06002 6.518e-02 7.601e-02
beta[5]            0.05714    0.07165    0.08118 9.165e-02 1.147e-01
beta[6]            0.03638    0.04490    0.04949 5.407e-02 6.266e-02
beta[7]            0.05537    0.06620    0.07288 8.002e-02 9.481e-02
beta[8]            0.03365    0.04284    0.04778 5.276e-02 6.169e-02
beta[9]            0.03827    0.04827    0.05356 5.879e-02 6.980e-02
delta.alpha[1]    -0.44187   -0.08632    0.06156 2.144e-01 5.992e-01
delta.alpha[10]   -0.33420   -0.02293    0.13432 3.355e-01 1.105e+00
delta.alpha[2]    -0.47726   -0.10898    0.03931 1.849e-01 5.255e-01
delta.alpha[3]    -0.33814   -0.03185    0.11760 2.947e-01 8.380e-01
delta.alpha[4]    -0.66526   -0.20241   -0.03175 1.122e-01 3.858e-01
delta.alpha[5]    -0.35144   -0.04176    0.10600 2.762e-01 7.724e-01
delta.alpha[6]    -0.50667   -0.13390    0.01397 1.534e-01 4.449e-01
delta.alpha[7]    -0.46723   -0.11523    0.02943 1.708e-01 4.780e-01
delta.alpha[8]    -0.30338   -0.03399    0.10286 2.507e-01 6.180e-01
delta.alpha[9]    -0.54315   -0.11388    0.04310 1.966e-01 5.950e-01
deviance        1501.49423 1509.49670 1514.54146 1.520e+03 1.532e+03
mu.alpha           3.33700    4.01566    4.31104 4.617e+00 5.294e+00
mu.beta            0.04844    0.05647    0.06044 6.483e-02 7.584e-02
mu.delta.alpha    -0.27118   -0.04692    0.06653 1.829e-01 4.354e-01

Number of chains = 15 
Number of iterations = 9900 per chain before discarding the burn-in period
The burn-in period = 10 per chain
Sample size in total = 148350 

********** The Geweke diagnostic: **********
Z-scores:
                       chain1     chain 2     chain 3     chain 4     chain 5     chain 6
alpha[1]          -0.64158347  1.61764813  1.34122775 -0.66849710 -0.74668606 -1.06079621
alpha[10]          0.54478795  1.18323436 -0.10106571 -0.32271757  0.92263336 -0.58919374
alpha[2]          -1.31736415 -0.79208608 -0.10774467 -0.05804090 -1.30530439 -0.49679870
alpha[3]          -0.50494891 -0.49489295  1.27830821 -0.49985750 -0.84688118 -0.50100230
alpha[4]           1.58924412 -0.78714949  0.92359972  1.85211934  1.58716190 -2.06883638
alpha[5]           0.22536909 -0.55304979  0.88163799 -0.51816160  1.61199645  0.15125170
alpha[6]          -1.23098202 -0.16573040  0.12929256 -0.96795847  0.03414973  0.12806692
alpha[7]          -1.01335604 -0.07674381  0.58364077 -0.94338267  1.50954136  0.20311729
alpha[8]           0.09637682 -0.22367937  0.37304494  1.22113549 -1.13939729  0.04782254
alpha[9]           0.29811170  1.42496874 -0.93907544  0.58316642  0.56117444 -0.48154445
beta[1]           -0.24464725  0.71764088  0.94407781 -1.50461989 -1.36240674 -1.17145881
beta[10]           1.03656249  1.06377567 -0.24396532 -0.67255476  0.06666396 -1.39222599
beta[2]           -0.83912114 -1.03934986 -0.10737570  0.15345838 -0.32555869 -0.56357105
beta[3]            0.09220884 -0.57739663  0.09223061 -0.37353546 -0.93355025 -0.10959963
beta[4]            1.52305238 -0.43811025  0.75041178  1.60198346  1.15705035 -2.09723764
beta[5]            0.24705824 -0.77657603  1.00130868 -0.65326419  1.60854668  0.21699460
beta[6]           -1.22848177 -0.09059135  0.15604552 -0.04845968  1.17600841 -0.75709984
beta[7]           -0.08508113  0.42861306 -0.26933348 -1.35549669  1.55340068 -0.34653315
beta[8]           -1.03544728  0.75694272 -0.96932066  0.02944985 -1.46198313 -0.04489981
beta[9]            0.61984405  1.17239049 -1.30047954  0.76864880  0.76843990 -0.69489139
delta.alpha[1]    -1.23012341  0.40012666 -0.70731829 -1.13159632  0.07908567  1.12075997
delta.alpha[10]    1.28234861 -0.24059427  0.71495368  1.48263150  0.11321048  0.32944643
delta.alpha[2]    -0.62636275 -0.07739102  0.22786525 -2.63440991  0.17467734  1.94283193
delta.alpha[3]     0.81553414 -0.42978869  0.68771123 -0.63234338  0.87274474  2.27450252
delta.alpha[4]    -1.67178518  0.07836703 -1.00000825 -2.45969911  0.06930305 -0.62092382
delta.alpha[5]     0.71257675  0.83463624  0.75780338  0.86431951  0.68821179  1.66324667
delta.alpha[6]     0.08733070  0.29473875  1.90113121 -1.08675776  0.39212758  0.21214696
delta.alpha[7]    -0.17522189 -1.33524387  2.14512062 -0.90386977 -0.04031361  1.99699727
delta.alpha[8]    -0.74949156  0.23016929  0.38824413 -0.13258149  0.07001687  0.26029066
delta.alpha[9]    -1.65017655 -0.30022134  1.03518579 -1.90425767 -0.59880380  1.74742645
deviance          -1.33732167  0.29002827  0.02920588  1.35762986 -0.98534571 -0.12145481
mu.alpha           0.05270318  0.57321996 -0.74396015 -0.90440423  1.19074018 -0.21440963
mu.beta            1.11726592 -1.15642371 -0.11864784 -0.73056241 -0.09962840 -1.93840289
mu.delta.alpha    -0.17089861 -0.72054620  1.59196075 -0.62733138  0.37425309  0.95337872
Window From Start  0.10000000  0.53906000  0.92589000  0.64498000  0.84383000  0.30634000
Window From Stop   0.50000000  0.42040000  0.02964000  0.01416000  0.07402000  0.41161000
                      chain 7     chain 8     chain 9     chain 10   chain 11    chain 12
alpha[1]           1.47903378  0.34259074  0.08386732 -1.553833240 -0.2663284  1.16402744
alpha[10]          0.54433982 -0.15420839 -2.17118343 -0.709418842 -0.2433963 -0.04827699
alpha[2]           0.19181925 -0.97494424 -0.21189511 -1.601688677  1.1784671 -0.17862195
alpha[3]          -1.61768833 -1.53860781  0.09530334 -0.822156721 -2.7868960  1.68804123
alpha[4]           0.60314115 -0.05945563 -0.35790419  0.072972685 -3.3815655  1.38627908
alpha[5]           0.54777196 -0.89181127  0.41761421 -0.406429138 -0.9784657 -0.10311603
alpha[6]          -0.31363663 -0.23469996 -0.57528515 -1.022508367  1.4903561  1.22773049
alpha[7]          -1.92120668  0.31426601  0.16288238 -1.726618684 -1.3235745  0.22652953
alpha[8]          -0.59526406 -0.09089994 -2.21395465  1.647741330  0.7135712 -0.84548778
alpha[9]           0.77334802 -0.58330934  0.27913159 -0.648210637  2.1064861  0.48880229
beta[1]            0.66942407  0.45673598 -0.96694935 -0.874890565 -1.1503499  1.21728915
beta[10]          -0.08861122 -0.64578409 -2.03711903 -0.508380943 -0.6914412 -0.05338413
beta[2]            0.11486228 -1.01475382 -0.58929606 -0.862313137  0.6628776 -0.22301970
beta[3]           -0.30482672 -1.72158706 -0.09683776 -1.071328424 -2.2044955  0.26849443
beta[4]           -0.28192436 -0.16176555 -0.41430718  0.265645581 -3.7346305  1.42827284
beta[5]            0.41912489  0.04113304  0.05698749 -0.282649772 -0.6746466 -0.10436581
beta[6]            0.51486969  0.31686434 -0.53318266 -0.311696243  2.9890845 -0.11803158
beta[7]           -1.70960960  0.44285676  0.10627611 -1.294770246 -1.0397002 -0.50284695
beta[8]           -0.78922817  0.06147328 -1.84875530  0.525716078  1.3858138 -0.55088414
beta[9]            1.56093308 -0.97524784  0.89969870 -0.628256451 -0.2637184  0.72886012
delta.alpha[1]     0.57994992  1.50595970  0.30947347  0.592963954  0.2440744  1.79138861
delta.alpha[10]   -1.40643285 -1.19369834 -1.04257812 -0.106631060  0.1285007 -0.16474156
delta.alpha[2]    -0.02419849  1.21396864  0.39140407  1.278429978 -0.1636482  0.17512260
delta.alpha[3]     0.15344064  0.10137546 -0.17309099 -0.006011385  0.6518045  0.62263029
delta.alpha[4]     0.58526765  2.85126184  0.08743917 -0.243738506  1.3257113  0.43178120
delta.alpha[5]    -1.66278195  0.92744177 -0.74573264  0.439915349  2.5989388  0.95089171
delta.alpha[6]    -0.05927095  1.43737628 -0.40860507 -0.971900378  1.0152384  0.82627694
delta.alpha[7]    -0.67154976  1.27492400  1.57718909  0.244573856  1.3568429  2.36627426
delta.alpha[8]     1.10331406 -0.38833506 -0.14181959  0.717951225  0.3576732  1.34423186
delta.alpha[9]    -1.96620407  1.46426236 -0.98766710 -1.155005098  1.7495252  0.69151621
deviance           0.62018911  1.98728753 -0.25690204  0.958991498  2.6423154  0.57836838
mu.alpha           1.61108057  0.66703482  1.86195820 -1.614791512 -0.4858077 -1.03757931
mu.beta            0.14555910  0.06036985 -1.14889627 -0.621687508 -0.8031975  0.64896465
mu.delta.alpha    -0.47537880  0.41013612  0.08216341 -0.106446882  0.5554521  1.35882395
Window From Start  0.01207000  0.22417000  0.12149000  0.962430000  0.9774100  0.55702000
Window From Stop   0.05826000  0.46595000  0.30325000  0.037110000  0.0013700  0.32270000
                    chain 13    chain 14     chain 15
alpha[1]           0.9282914  0.41573790 -0.607986179
alpha[10]          0.4147690 -1.91987812  0.190865118
alpha[2]          -1.2144355 -1.75251542 -0.799098062
alpha[3]          -0.6975483  0.09744101 -1.232231050
alpha[4]          -0.1665275 -0.41951258 -1.574955329
alpha[5]           0.8521182 -0.02074515  0.013605545
alpha[6]           0.1592813  1.49106507 -1.091241258
alpha[7]           1.4992736 -1.20321955  0.339635191
alpha[8]          -0.5509378  0.59990300  1.032552277
alpha[9]           0.3016242 -0.41397031  0.593154669
beta[1]            0.7806268 -0.46313590 -0.306632380
beta[10]           0.2323877 -2.70064901  0.006511052
beta[2]           -1.0957211 -1.00064967 -0.685764654
beta[3]           -0.5251284 -0.51486147 -0.987055456
beta[4]            0.0141533 -1.03383949 -1.402025509
beta[5]            0.7594813  0.20907448  0.006160453
beta[6]           -0.2535265  1.21382457 -2.052211128
beta[7]            1.5592113 -1.49396091  0.205356694
beta[8]           -0.6505413  1.68898091  0.882742126
beta[9]           -0.2294660 -0.38277323 -0.320325933
delta.alpha[1]     1.0560323  0.30847663  0.108627288
delta.alpha[10]    0.2560451  2.08985115 -1.092654994
delta.alpha[2]     0.4134154  0.10359768  0.986768230
delta.alpha[3]    -0.9560319  1.38557806  0.207705296
delta.alpha[4]     0.4143593  0.07730563  0.720497044
delta.alpha[5]    -0.1125814  0.42428916  0.373167860
delta.alpha[6]     0.5664195  0.68861952 -0.324303608
delta.alpha[7]     0.6163518  0.40515447 -0.168159978
delta.alpha[8]    -1.1277194  0.16875304 -2.228293337
delta.alpha[9]     0.8900696 -0.14637684  0.524412454
deviance          -1.2182427  2.45031473 -0.778844439
mu.alpha          -0.5942200 -1.07208555 -0.722537348
mu.beta            1.0396900 -1.81959221 -1.274305995
mu.delta.alpha     0.6772396  0.79896257 -0.561996904
Window From Start  0.4959500  0.98326000  0.771070000
Window From Stop   0.2897700  0.00526000  0.207060000

********** The Gelman-Rubin diagnostic: **********
Potential scale reduction factors:

                Point est. Upper C.I.
alpha[1]                 1          1
alpha[10]                1          1
alpha[2]                 1          1
alpha[3]                 1          1
alpha[4]                 1          1
alpha[5]                 1          1
alpha[6]                 1          1
alpha[7]                 1          1
alpha[8]                 1          1
alpha[9]                 1          1
beta[1]                  1          1
beta[10]                 1          1
beta[2]                  1          1
beta[3]                  1          1
beta[4]                  1          1
beta[5]                  1          1
beta[6]                  1          1
beta[7]                  1          1
beta[8]                  1          1
beta[9]                  1          1
delta.alpha[1]           1          1
delta.alpha[10]          1          1
delta.alpha[2]           1          1
delta.alpha[3]           1          1
delta.alpha[4]           1          1
delta.alpha[5]           1          1
delta.alpha[6]           1          1
delta.alpha[7]           1          1
delta.alpha[8]           1          1
delta.alpha[9]           1          1
deviance                 1          1
mu.alpha                 1          1
mu.beta                  1          1
mu.delta.alpha           1          1

Multivariate psrf

1

********** The Heidelberger-Welch diagnostic: **********

Chain 1, epsilon=0.1, alpha=0.05                                              
                Stationarity start     p-value
                test         iteration        
alpha[1]        passed          1      0.4210 
alpha[10]       passed       3957      0.0655 
alpha[2]        passed          1      0.1247 
alpha[3]        passed          1      0.1910 
alpha[4]        passed          1      0.1907 
alpha[5]        passed       3957      0.0586 
alpha[6]        passed          1      0.0659 
alpha[7]        passed          1      0.2231 
alpha[8]        passed          1      0.9373 
alpha[9]        passed          1      0.8616 
beta[1]         passed          1      0.4642 
beta[10]        passed       3957      0.1123 
beta[2]         passed          1      0.3374 
beta[3]         passed          1      0.4614 
beta[4]         passed          1      0.1984 
beta[5]         passed       2968      0.0863 
beta[6]         passed          1      0.0957 
beta[7]         passed          1      0.1088 
beta[8]         passed          1      0.2935 
beta[9]         passed          1      0.7627 
delta.alpha[1]  passed          1      0.4081 
delta.alpha[10] passed          1      0.1070 
delta.alpha[2]  passed          1      0.4992 
delta.alpha[3]  passed          1      0.9002 
delta.alpha[4]  passed          1      0.1111 
delta.alpha[5]  passed          1      0.0852 
delta.alpha[6]  passed          1      0.4392 
delta.alpha[7]  passed          1      0.8259 
delta.alpha[8]  passed          1      0.6077 
delta.alpha[9]  passed          1      0.7503 
deviance        passed       2968      0.1587 
mu.alpha        passed          1      0.9721 
mu.beta         passed          1      0.4484 
mu.delta.alpha  passed          1      0.7492 
                                             
                Halfwidth Mean      Halfwidth
                test                         
alpha[1]        passed     4.38e+00 0.007876 
alpha[10]       passed     6.05e+00 0.020993 
alpha[2]        passed     4.97e+00 0.010846 
alpha[3]        passed     4.20e+00 0.008256 
alpha[4]        passed     3.99e+00 0.007078 
alpha[5]        passed     5.53e+00 0.022051 
alpha[6]        passed     2.86e+00 0.005487 
alpha[7]        passed     3.52e+00 0.007489 
alpha[8]        passed     3.01e+00 0.004999 
alpha[9]        passed     5.56e+00 0.012687 
beta[1]         passed     5.45e-02 0.000161 
beta[10]        passed     6.71e-02 0.000428 
beta[2]         passed     6.04e-02 0.000174 
beta[3]         passed     6.01e-02 0.000219 
beta[4]         passed     6.04e-02 0.000155 
beta[5]         passed     8.21e-02 0.000464 
beta[6]         passed     4.95e-02 0.000136 
beta[7]         passed     7.34e-02 0.000210 
beta[8]         passed     4.79e-02 0.000145 
beta[9]         passed     5.37e-02 0.000173 
delta.alpha[1]  passed     6.31e-02 0.005043 
delta.alpha[10] passed     1.95e-01 0.007260 
delta.alpha[2]  failed     3.28e-02 0.004846 
delta.alpha[3]  passed     1.47e-01 0.005679 
delta.alpha[4]  passed    -5.95e-02 0.005212 
delta.alpha[5]  passed     1.28e-01 0.005443 
delta.alpha[6]  failed     1.96e-03 0.004576 
delta.alpha[7]  failed     2.15e-02 0.004672 
delta.alpha[8]  passed     1.14e-01 0.004472 
delta.alpha[9]  failed     4.00e-02 0.005368 
deviance        passed     1.52e+03 0.214904 
mu.alpha        passed     4.31e+00 0.010101 
mu.beta         passed     6.10e-02 0.000157 
mu.delta.alpha  passed     6.76e-02 0.003645 

Chain 2, epsilon=0.084, alpha=0.1                                              
                Stationarity start     p-value
                test         iteration        
alpha[1]        passed          1      0.180  
alpha[10]       passed          1      0.261  
alpha[2]        passed          1      0.847  
alpha[3]        passed          1      0.995  
alpha[4]        passed          1      0.340  
alpha[5]        passed          1      0.409  
alpha[6]        passed          1      0.598  
alpha[7]        passed          1      0.996  
alpha[8]        passed          1      0.425  
alpha[9]        passed          1      0.208  
beta[1]         passed          1      0.496  
beta[10]        passed          1      0.538  
beta[2]         passed          1      0.561  
beta[3]         passed          1      0.863  
beta[4]         passed          1      0.538  
beta[5]         passed          1      0.294  
beta[6]         passed          1      0.308  
beta[7]         passed          1      0.985  
beta[8]         passed          1      0.465  
beta[9]         passed          1      0.314  
delta.alpha[1]  passed          1      0.971  
delta.alpha[10] passed          1      0.857  
delta.alpha[2]  passed          1      0.932  
delta.alpha[3]  passed          1      0.890  
delta.alpha[4]  passed          1      0.810  
delta.alpha[5]  passed          1      0.452  
delta.alpha[6]  passed          1      0.830  
delta.alpha[7]  passed          1      0.115  
delta.alpha[8]  passed          1      0.837  
delta.alpha[9]  passed          1      0.326  
deviance        passed          1      0.476  
mu.alpha        passed          1      0.580  
mu.beta         passed       2968      0.386  
mu.delta.alpha  passed          1      0.354  
                                             
                Halfwidth Mean      Halfwidth
                test                         
alpha[1]        passed     4.38e+00 0.007834 
alpha[10]       passed     6.05e+00 0.016958 
alpha[2]        passed     4.96e+00 0.011055 
alpha[3]        passed     4.20e+00 0.008436 
alpha[4]        passed     3.98e+00 0.007081 
alpha[5]        passed     5.54e+00 0.017040 
alpha[6]        passed     2.86e+00 0.005359 
alpha[7]        passed     3.52e+00 0.007377 
alpha[8]        passed     3.01e+00 0.005123 
alpha[9]        passed     5.56e+00 0.012719 
beta[1]         passed     5.44e-02 0.000155 
beta[10]        passed     6.70e-02 0.000347 
beta[2]         passed     6.01e-02 0.000177 
beta[3]         passed     6.02e-02 0.000223 
beta[4]         passed     6.03e-02 0.000150 
beta[5]         passed     8.22e-02 0.000389 
beta[6]         passed     4.94e-02 0.000133 
beta[7]         passed     7.34e-02 0.000210 
beta[8]         passed     4.77e-02 0.000148 
beta[9]         passed     5.36e-02 0.000175 
delta.alpha[1]  passed     6.61e-02 0.005044 
delta.alpha[10] passed     1.89e-01 0.007020 
delta.alpha[2]  failed     3.34e-02 0.004791 
delta.alpha[3]  passed     1.51e-01 0.005755 
delta.alpha[4]  passed    -6.51e-02 0.005200 
delta.alpha[5]  passed     1.36e-01 0.005449 
delta.alpha[6]  failed     4.51e-04 0.004622 
delta.alpha[7]  failed     2.20e-02 0.004606 
delta.alpha[8]  passed     1.11e-01 0.004520 
delta.alpha[9]  failed     3.60e-02 0.005488 
deviance        passed     1.52e+03 0.177625 
mu.alpha        passed     4.32e+00 0.009875 
mu.beta         passed     6.09e-02 0.000175 
mu.delta.alpha  passed     6.84e-02 0.003636 

Chain 3, epsilon=0.125, alpha=0.05                                              
                Stationarity start     p-value
                test         iteration        
alpha[1]        passed       1         0.8696 
alpha[10]       passed       1         0.8103 
alpha[2]        passed       1         0.7891 
alpha[3]        passed       1         0.7447 
alpha[4]        passed       1         0.4656 
alpha[5]        passed       1         0.3294 
alpha[6]        passed       1         0.2822 
alpha[7]        passed       1         0.8145 
alpha[8]        passed       1         0.9166 
alpha[9]        passed       1         0.0664 
beta[1]         passed       1         0.6518 
beta[10]        passed       1         0.9553 
beta[2]         passed       1         0.8585 
beta[3]         passed       1         0.4133 
beta[4]         passed       1         0.5731 
beta[5]         passed       1         0.2869 
beta[6]         passed       1         0.6767 
beta[7]         passed       1         0.6287 
beta[8]         passed       1         0.5414 
beta[9]         passed       1         0.1001 
delta.alpha[1]  passed       1         0.8335 
delta.alpha[10] passed       1         0.1709 
delta.alpha[2]  passed       1         0.9218 
delta.alpha[3]  passed       1         0.6604 
delta.alpha[4]  passed       1         0.7311 
delta.alpha[5]  passed       1         0.2513 
delta.alpha[6]  passed       1         0.3933 
delta.alpha[7]  passed       1         0.5669 
delta.alpha[8]  passed       1         0.9956 
delta.alpha[9]  passed       1         0.7226 
deviance        passed       1         0.3708 
mu.alpha        passed       1         0.7106 
mu.beta         passed       1         0.5697 
mu.delta.alpha  passed       1         0.6010 
                                             
                Halfwidth Mean      Halfwidth
                test                         
alpha[1]        passed     4.38e+00 0.007874 
alpha[10]       passed     6.06e+00 0.019135 
alpha[2]        passed     4.96e+00 0.011255 
alpha[3]        passed     4.20e+00 0.008029 
alpha[4]        passed     3.99e+00 0.007203 
alpha[5]        passed     5.56e+00 0.018937 
alpha[6]        passed     2.86e+00 0.005414 
alpha[7]        passed     3.52e+00 0.007635 
alpha[8]        passed     3.01e+00 0.004982 
alpha[9]        passed     5.57e+00 0.013057 
beta[1]         passed     5.46e-02 0.000154 
beta[10]        passed     6.75e-02 0.000375 
beta[2]         passed     6.01e-02 0.000183 
beta[3]         passed     6.00e-02 0.000220 
beta[4]         passed     6.03e-02 0.000152 
beta[5]         passed     8.25e-02 0.000420 
beta[6]         passed     4.94e-02 0.000135 
beta[7]         passed     7.35e-02 0.000225 
beta[8]         passed     4.77e-02 0.000147 
beta[9]         passed     5.37e-02 0.000178 
delta.alpha[1]  passed     6.84e-02 0.004995 
delta.alpha[10] passed     1.98e-01 0.007068 
delta.alpha[2]  failed     3.66e-02 0.004850 
delta.alpha[3]  passed     1.52e-01 0.005666 
delta.alpha[4]  passed    -5.85e-02 0.004909 
delta.alpha[5]  passed     1.37e-01 0.005504 
delta.alpha[6]  failed     2.61e-03 0.004669 
delta.alpha[7]  failed     2.38e-02 0.004725 
delta.alpha[8]  passed     1.17e-01 0.004498 
delta.alpha[9]  failed     3.53e-02 0.005619 
deviance        passed     1.52e+03 0.181981 
mu.alpha        passed     4.32e+00 0.009809 
mu.beta         passed     6.10e-02 0.000152 
mu.delta.alpha  passed     7.04e-02 0.003544 

Chain 4, epsilon=0.089, alpha=0.025                                              
                Stationarity start     p-value
                test         iteration        
alpha[1]        passed          1      0.4870 
alpha[10]       passed          1      0.9018 
alpha[2]        passed          1      0.1208 
alpha[3]        passed          1      0.6485 
alpha[4]        passed          1      0.9125 
alpha[5]        passed          1      0.1491 
alpha[6]        passed          1      0.8647 
alpha[7]        passed          1      0.0714 
alpha[8]        passed          1      0.4308 
alpha[9]        passed          1      0.9951 
beta[1]         passed          1      0.7927 
beta[10]        passed          1      0.9480 
beta[2]         passed          1      0.3928 
beta[3]         passed          1      0.4218 
beta[4]         passed          1      0.9216 
beta[5]         passed          1      0.0885 
beta[6]         passed          1      0.9274 
beta[7]         passed          1      0.0517 
beta[8]         passed          1      0.8164 
beta[9]         passed          1      0.9913 
delta.alpha[1]  passed          1      0.9553 
delta.alpha[10] passed          1      0.7984 
delta.alpha[2]  passed          1      0.1904 
delta.alpha[3]  passed          1      0.9335 
delta.alpha[4]  passed       1979      0.0367 
delta.alpha[5]  passed          1      0.4093 
delta.alpha[6]  passed          1      0.6060 
delta.alpha[7]  passed          1      0.4313 
delta.alpha[8]  passed          1      0.2199 
delta.alpha[9]  passed          1      0.0745 
deviance        passed          1      0.7037 
mu.alpha        passed          1      0.1539 
mu.beta         passed          1      0.4889 
mu.delta.alpha  passed          1      0.4509 
                                             
                Halfwidth Mean      Halfwidth
                test                         
alpha[1]        passed     4.38e+00 0.007771 
alpha[10]       passed     6.06e+00 0.016720 
alpha[2]        passed     4.95e+00 0.010749 
alpha[3]        passed     4.20e+00 0.007983 
alpha[4]        passed     3.98e+00 0.007152 
alpha[5]        passed     5.55e+00 0.017768 
alpha[6]        passed     2.87e+00 0.005447 
alpha[7]        passed     3.51e+00 0.007362 
alpha[8]        passed     3.01e+00 0.005074 
alpha[9]        passed     5.55e+00 0.012694 
beta[1]         passed     5.45e-02 0.000153 
beta[10]        passed     6.71e-02 0.000342 
beta[2]         passed     6.00e-02 0.000173 
beta[3]         passed     6.01e-02 0.000221 
beta[4]         passed     6.03e-02 0.000152 
beta[5]         passed     8.24e-02 0.000390 
beta[6]         passed     4.96e-02 0.000136 
beta[7]         passed     7.34e-02 0.000213 
beta[8]         passed     4.78e-02 0.000147 
beta[9]         passed     5.35e-02 0.000176 
delta.alpha[1]  passed     6.45e-02 0.004994 
delta.alpha[10] passed     1.99e-01 0.007226 
delta.alpha[2]  failed     3.83e-02 0.004870 
delta.alpha[3]  passed     1.52e-01 0.005776 
delta.alpha[4]  failed    -5.84e-02 0.005621 
delta.alpha[5]  passed     1.33e-01 0.005470 
delta.alpha[6]  failed     1.31e-03 0.004709 
delta.alpha[7]  failed     1.96e-02 0.004639 
delta.alpha[8]  passed     1.16e-01 0.004705 
delta.alpha[9]  failed     3.87e-02 0.005684 
deviance        passed     1.52e+03 0.182553 
mu.alpha        passed     4.31e+00 0.009902 
mu.beta         passed     6.09e-02 0.000148 
mu.delta.alpha  passed     7.19e-02 0.003604 

Chain 5, epsilon=0.032, alpha=0.025                                              
                Stationarity start     p-value
                test         iteration        
alpha[1]        passed         1       0.3610 
alpha[10]       passed         1       0.3308 
alpha[2]        passed         1       0.8232 
alpha[3]        passed         1       0.8465 
alpha[4]        passed       990       0.0371 
alpha[5]        passed         1       0.3020 
alpha[6]        passed         1       0.6559 
alpha[7]        passed         1       0.4229 
alpha[8]        passed         1       0.9765 
alpha[9]        passed         1       0.9455 
beta[1]         passed         1       0.4657 
beta[10]        passed         1       0.5381 
beta[2]         passed         1       0.9295 
beta[3]         passed         1       0.5646 
beta[4]         passed         1       0.1162 
beta[5]         passed         1       0.4779 
beta[6]         passed         1       0.7064 
beta[7]         passed         1       0.2000 
beta[8]         passed         1       0.9166 
beta[9]         passed         1       0.9414 
delta.alpha[1]  passed         1       0.9526 
delta.alpha[10] passed         1       0.6351 
delta.alpha[2]  passed         1       0.5847 
delta.alpha[3]  passed         1       0.8253 
delta.alpha[4]  passed         1       0.7873 
delta.alpha[5]  passed         1       0.0632 
delta.alpha[6]  passed         1       0.6246 
delta.alpha[7]  passed         1       0.9778 
delta.alpha[8]  passed         1       0.9546 
delta.alpha[9]  passed         1       0.2765 
deviance        passed         1       0.5151 
mu.alpha        passed         1       0.3669 
mu.beta         passed         1       0.7142 
mu.delta.alpha  passed         1       0.6086 
                                             
                Halfwidth Mean      Halfwidth
                test                         
alpha[1]        passed     4.38e+00 0.007852 
alpha[10]       passed     6.05e+00 0.016653 
alpha[2]        passed     4.96e+00 0.010937 
alpha[3]        passed     4.20e+00 0.008056 
alpha[4]        passed     3.98e+00 0.007409 
alpha[5]        passed     5.55e+00 0.018227 
alpha[6]        passed     2.87e+00 0.005448 
alpha[7]        passed     3.53e+00 0.007758 
alpha[8]        passed     3.01e+00 0.004998 
alpha[9]        passed     5.57e+00 0.012772 
beta[1]         passed     5.45e-02 0.000157 
beta[10]        passed     6.70e-02 0.000338 
beta[2]         passed     6.01e-02 0.000175 
beta[3]         passed     6.01e-02 0.000214 
beta[4]         passed     6.03e-02 0.000150 
beta[5]         passed     8.24e-02 0.000407 
beta[6]         passed     4.96e-02 0.000140 
beta[7]         passed     7.36e-02 0.000219 
beta[8]         passed     4.78e-02 0.000148 
beta[9]         passed     5.37e-02 0.000174 
delta.alpha[1]  failed     6.94e-02 0.005079 
delta.alpha[10] failed     1.95e-01 0.007047 
delta.alpha[2]  failed     3.74e-02 0.005059 
delta.alpha[3]  failed     1.54e-01 0.005670 
delta.alpha[4]  failed    -6.05e-02 0.005448 
delta.alpha[5]  failed     1.35e-01 0.005718 
delta.alpha[6]  failed     3.89e-04 0.004763 
delta.alpha[7]  failed     2.30e-02 0.004656 
delta.alpha[8]  failed     1.18e-01 0.004523 
delta.alpha[9]  failed     3.98e-02 0.005379 
deviance        passed     1.52e+03 0.177601 
mu.alpha        passed     4.31e+00 0.009839 
mu.beta         passed     6.10e-02 0.000152 
mu.delta.alpha  failed     7.30e-02 0.003652 

Chain 6, epsilon=0.053, alpha=0.05                                              
                Stationarity start     p-value
                test         iteration        
alpha[1]        passed          1      0.6616 
alpha[10]       passed          1      0.6450 
alpha[2]        passed          1      0.4416 
alpha[3]        passed          1      0.8697 
alpha[4]        passed       1979      0.1826 
alpha[5]        passed          1      0.6057 
alpha[6]        passed          1      0.8757 
alpha[7]        passed          1      0.3834 
alpha[8]        passed          1      0.8306 
alpha[9]        passed          1      0.4697 
beta[1]         passed          1      0.3219 
beta[10]        passed          1      0.2960 
beta[2]         passed          1      0.6522 
beta[3]         passed          1      0.6945 
beta[4]         passed       1979      0.1867 
beta[5]         passed          1      0.6347 
beta[6]         passed          1      0.8685 
beta[7]         passed          1      0.9167 
beta[8]         passed          1      0.8996 
beta[9]         passed          1      0.7195 
delta.alpha[1]  passed          1      0.2922 
delta.alpha[10] passed          1      0.7616 
delta.alpha[2]  passed          1      0.1462 
delta.alpha[3]  passed        990      0.2061 
delta.alpha[4]  passed          1      0.4298 
delta.alpha[5]  passed          1      0.0511 
delta.alpha[6]  passed          1      0.7553 
delta.alpha[7]  passed          1      0.1130 
delta.alpha[8]  passed          1      0.7640 
delta.alpha[9]  passed          1      0.1379 
deviance        passed          1      0.6876 
mu.alpha        passed          1      0.6602 
mu.beta         passed          1      0.2068 
mu.delta.alpha  passed          1      0.2317 
                                             
                Halfwidth Mean      Halfwidth
                test                         
alpha[1]        passed     4.38e+00 0.007842 
alpha[10]       passed     6.05e+00 0.016993 
alpha[2]        passed     4.96e+00 0.010695 
alpha[3]        passed     4.19e+00 0.007948 
alpha[4]        passed     3.98e+00 0.007999 
alpha[5]        passed     5.54e+00 0.017692 
alpha[6]        passed     2.86e+00 0.005373 
alpha[7]        passed     3.51e+00 0.007531 
alpha[8]        passed     3.01e+00 0.005291 
alpha[9]        passed     5.56e+00 0.013179 
beta[1]         passed     5.44e-02 0.000159 
beta[10]        passed     6.71e-02 0.000337 
beta[2]         passed     6.01e-02 0.000174 
beta[3]         passed     6.01e-02 0.000210 
beta[4]         passed     6.03e-02 0.000170 
beta[5]         passed     8.22e-02 0.000399 
beta[6]         passed     4.95e-02 0.000132 
beta[7]         passed     7.33e-02 0.000217 
beta[8]         passed     4.77e-02 0.000149 
beta[9]         passed     5.36e-02 0.000174 
delta.alpha[1]  failed     6.70e-02 0.005037 
delta.alpha[10] passed     1.93e-01 0.006980 
delta.alpha[2]  failed     3.58e-02 0.004972 
delta.alpha[3]  passed     1.49e-01 0.006071 
delta.alpha[4]  failed    -5.41e-02 0.005022 
delta.alpha[5]  passed     1.32e-01 0.005549 
delta.alpha[6]  failed     6.14e-03 0.004785 
delta.alpha[7]  failed     2.35e-02 0.004736 
delta.alpha[8]  passed     1.15e-01 0.004503 
delta.alpha[9]  failed     4.24e-02 0.005339 
deviance        passed     1.52e+03 0.182240 
mu.alpha        passed     4.31e+00 0.009919 
mu.beta         passed     6.08e-02 0.000161 
mu.delta.alpha  passed     7.06e-02 0.003664 

Chain 7, epsilon=0.066, alpha=0.025                                              
                Stationarity start     p-value
                test         iteration        
alpha[1]        passed       1         0.0515 
alpha[10]       passed       1         0.0937 
alpha[2]        passed       1         0.8045 
alpha[3]        passed       1         0.4639 
alpha[4]        passed       1         0.9448 
alpha[5]        passed       1         0.5288 
alpha[6]        passed       1         0.0953 
alpha[7]        passed       1         0.7462 
alpha[8]        passed       1         0.7004 
alpha[9]        passed       1         0.5452 
beta[1]         passed       1         0.0807 
beta[10]        passed       1         0.2681 
beta[2]         passed       1         0.9189 
beta[3]         passed       1         0.8215 
beta[4]         passed       1         0.9047 
beta[5]         passed       1         0.6005 
beta[6]         passed       1         0.0799 
beta[7]         passed       1         0.5140 
beta[8]         passed       1         0.9167 
beta[9]         passed       1         0.4615 
delta.alpha[1]  passed       1         0.9672 
delta.alpha[10] passed       1         0.1676 
delta.alpha[2]  passed       1         0.1691 
delta.alpha[3]  passed       1         0.0422 
delta.alpha[4]  passed       1         0.9580 
delta.alpha[5]  passed       1         0.5214 
delta.alpha[6]  passed       1         0.2658 
delta.alpha[7]  passed       1         0.3389 
delta.alpha[8]  passed       1         0.2730 
delta.alpha[9]  passed       1         0.9882 
deviance        passed       1         0.9287 
mu.alpha        passed       1         0.2764 
mu.beta         passed       1         0.3283 
mu.delta.alpha  passed       1         0.1218 
                                             
                Halfwidth Mean      Halfwidth
                test                         
alpha[1]        passed     4.37e+00 0.007965 
alpha[10]       passed     6.05e+00 0.016517 
alpha[2]        passed     4.96e+00 0.011142 
alpha[3]        passed     4.20e+00 0.008051 
alpha[4]        passed     3.99e+00 0.007181 
alpha[5]        passed     5.55e+00 0.017283 
alpha[6]        passed     2.87e+00 0.005418 
alpha[7]        passed     3.52e+00 0.007566 
alpha[8]        passed     3.01e+00 0.005126 
alpha[9]        passed     5.56e+00 0.012846 
beta[1]         passed     5.44e-02 0.000160 
beta[10]        passed     6.70e-02 0.000328 
beta[2]         passed     6.00e-02 0.000180 
beta[3]         passed     6.00e-02 0.000211 
beta[4]         passed     6.04e-02 0.000152 
beta[5]         passed     8.23e-02 0.000384 
beta[6]         passed     4.95e-02 0.000134 
beta[7]         passed     7.35e-02 0.000216 
beta[8]         passed     4.77e-02 0.000144 
beta[9]         passed     5.36e-02 0.000174 
delta.alpha[1]  failed     6.34e-02 0.005013 
delta.alpha[10] passed     1.95e-01 0.006974 
delta.alpha[2]  failed     3.60e-02 0.004840 
delta.alpha[3]  passed     1.50e-01 0.005652 
delta.alpha[4]  failed    -5.95e-02 0.005351 
delta.alpha[5]  passed     1.27e-01 0.005412 
delta.alpha[6]  failed     5.56e-03 0.004648 
delta.alpha[7]  failed     2.50e-02 0.004710 
delta.alpha[8]  passed     1.19e-01 0.004649 
delta.alpha[9]  failed     4.12e-02 0.005300 
deviance        passed     1.52e+03 0.179584 
mu.alpha        passed     4.32e+00 0.009635 
mu.beta         passed     6.08e-02 0.000148 
mu.delta.alpha  passed     7.05e-02 0.003606 

Chain 8, epsilon=0.113, alpha=0.005                                              
                Stationarity start     p-value
                test         iteration        
alpha[1]        passed       1         0.9116 
alpha[10]       passed       1         0.9839 
alpha[2]        passed       1         0.7858 
alpha[3]        passed       1         0.4829 
alpha[4]        passed       1         0.3823 
alpha[5]        passed       1         0.6502 
alpha[6]        passed       1         0.4914 
alpha[7]        passed       1         0.5105 
alpha[8]        passed       1         0.9636 
alpha[9]        passed       1         0.3833 
beta[1]         passed       1         0.8335 
beta[10]        passed       1         0.8707 
beta[2]         passed       1         0.8062 
beta[3]         passed       1         0.2670 
beta[4]         passed       1         0.7352 
beta[5]         passed       1         0.9454 
beta[6]         passed       1         0.3977 
beta[7]         passed       1         0.3568 
beta[8]         passed       1         0.7830 
beta[9]         passed       1         0.2649 
delta.alpha[1]  passed       1         0.1712 
delta.alpha[10] passed       1         0.4825 
delta.alpha[2]  passed       1         0.4727 
delta.alpha[3]  passed       1         0.9490 
delta.alpha[4]  passed       1         0.0313 
delta.alpha[5]  passed       1         0.2646 
delta.alpha[6]  passed       1         0.0790 
delta.alpha[7]  passed       1         0.1319 
delta.alpha[8]  passed       1         0.6565 
delta.alpha[9]  passed       1         0.2122 
deviance        passed       1         0.1433 
mu.alpha        passed       1         0.4604 
mu.beta         passed       1         0.9977 
mu.delta.alpha  passed       1         0.6781 
                                             
                Halfwidth Mean      Halfwidth
                test                         
alpha[1]        passed     4.38e+00 0.007911 
alpha[10]       passed     6.06e+00 0.017354 
alpha[2]        passed     4.97e+00 0.011004 
alpha[3]        passed     4.20e+00 0.008051 
alpha[4]        passed     3.99e+00 0.006954 
alpha[5]        passed     5.55e+00 0.017684 
alpha[6]        passed     2.86e+00 0.005377 
alpha[7]        passed     3.51e+00 0.007547 
alpha[8]        passed     3.01e+00 0.005102 
alpha[9]        passed     5.56e+00 0.012643 
beta[1]         passed     5.45e-02 0.000162 
beta[10]        passed     6.73e-02 0.000361 
beta[2]         passed     6.03e-02 0.000180 
beta[3]         passed     6.00e-02 0.000216 
beta[4]         passed     6.03e-02 0.000152 
beta[5]         passed     8.24e-02 0.000400 
beta[6]         passed     4.94e-02 0.000135 
beta[7]         passed     7.33e-02 0.000209 
beta[8]         passed     4.77e-02 0.000149 
beta[9]         passed     5.36e-02 0.000175 
delta.alpha[1]  passed     6.25e-02 0.005099 
delta.alpha[10] passed     1.88e-01 0.007170 
delta.alpha[2]  failed     3.45e-02 0.005094 
delta.alpha[3]  passed     1.50e-01 0.005938 
delta.alpha[4]  passed    -6.10e-02 0.005281 
delta.alpha[5]  passed     1.32e-01 0.005589 
delta.alpha[6]  failed     1.13e-03 0.004778 
delta.alpha[7]  failed     2.43e-02 0.004667 
delta.alpha[8]  passed     1.17e-01 0.004650 
delta.alpha[9]  failed     3.98e-02 0.005550 
deviance        passed     1.52e+03 0.181567 
mu.alpha        passed     4.31e+00 0.009909 
mu.beta         passed     6.08e-02 0.000152 
mu.delta.alpha  passed     6.76e-02 0.003676 

Chain 9, epsilon=0.187, alpha=0.01                                              
                Stationarity start     p-value
                test         iteration        
alpha[1]        passed       1         0.9861 
alpha[10]       passed       1         0.0735 
alpha[2]        passed       1         0.6955 
alpha[3]        passed       1         0.2681 
alpha[4]        passed       1         0.1870 
alpha[5]        passed       1         0.8189 
alpha[6]        passed       1         0.8235 
alpha[7]        passed       1         0.4614 
alpha[8]        passed       1         0.0290 
alpha[9]        passed       1         0.4129 
beta[1]         passed       1         0.4901 
beta[10]        passed       1         0.0800 
beta[2]         passed       1         0.6181 
beta[3]         passed       1         0.8408 
beta[4]         passed       1         0.3729 
beta[5]         passed       1         0.6638 
beta[6]         passed       1         0.9737 
beta[7]         passed       1         0.4825 
beta[8]         passed       1         0.0429 
beta[9]         passed       1         0.2910 
delta.alpha[1]  passed       1         0.7148 
delta.alpha[10] passed       1         0.2830 
delta.alpha[2]  passed       1         0.8948 
delta.alpha[3]  passed       1         0.6427 
delta.alpha[4]  passed       1         0.8208 
delta.alpha[5]  passed       1         0.2307 
delta.alpha[6]  passed       1         0.6675 
delta.alpha[7]  passed       1         0.4990 
delta.alpha[8]  passed       1         0.2720 
delta.alpha[9]  passed       1         0.9789 
deviance        passed       1         0.5963 
mu.alpha        passed       1         0.0752 
mu.beta         passed       1         0.2578 
mu.delta.alpha  passed       1         0.9422 
                                             
                Halfwidth Mean      Halfwidth
                test                         
alpha[1]        passed     4.38e+00 0.007761 
alpha[10]       passed     6.04e+00 0.016532 
alpha[2]        passed     4.97e+00 0.011369 
alpha[3]        passed     4.19e+00 0.008169 
alpha[4]        passed     3.98e+00 0.007004 
alpha[5]        passed     5.54e+00 0.017666 
alpha[6]        passed     2.86e+00 0.005623 
alpha[7]        passed     3.52e+00 0.007517 
alpha[8]        passed     3.01e+00 0.005220 
alpha[9]        passed     5.57e+00 0.012673 
beta[1]         passed     5.45e-02 0.000157 
beta[10]        passed     6.68e-02 0.000339 
beta[2]         passed     6.02e-02 0.000183 
beta[3]         passed     6.00e-02 0.000223 
beta[4]         passed     6.02e-02 0.000149 
beta[5]         passed     8.22e-02 0.000394 
beta[6]         passed     4.95e-02 0.000138 
beta[7]         passed     7.35e-02 0.000226 
beta[8]         passed     4.77e-02 0.000156 
beta[9]         passed     5.37e-02 0.000173 
delta.alpha[1]  passed     6.79e-02 0.004765 
delta.alpha[10] passed     1.97e-01 0.007285 
delta.alpha[2]  passed     3.65e-02 0.004875 
delta.alpha[3]  passed     1.53e-01 0.005885 
delta.alpha[4]  passed    -6.33e-02 0.005293 
delta.alpha[5]  passed     1.33e-01 0.005580 
delta.alpha[6]  failed     4.04e-03 0.004420 
delta.alpha[7]  passed     2.60e-02 0.004785 
delta.alpha[8]  passed     1.16e-01 0.004556 
delta.alpha[9]  passed     3.55e-02 0.005520 
deviance        passed     1.52e+03 0.184141 
mu.alpha        passed     4.32e+00 0.009659 
mu.beta         passed     6.08e-02 0.000147 
mu.delta.alpha  passed     7.18e-02 0.003663 

Chain 10, epsilon=0.043, alpha=0.01                                              
                Stationarity start     p-value
                test         iteration        
alpha[1]        passed       1         0.6899 
alpha[10]       passed       1         0.6257 
alpha[2]        passed       1         0.2760 
alpha[3]        passed       1         0.7035 
alpha[4]        passed       1         0.0900 
alpha[5]        passed       1         0.9124 
alpha[6]        passed       1         0.6847 
alpha[7]        passed       1         0.8126 
alpha[8]        passed       1         0.3428 
alpha[9]        passed       1         0.4776 
beta[1]         passed       1         0.4129 
beta[10]        passed       1         0.6690 
beta[2]         passed       1         0.4083 
beta[3]         passed       1         0.6762 
beta[4]         passed       1         0.0479 
beta[5]         passed       1         0.9426 
beta[6]         passed       1         0.3781 
beta[7]         passed       1         0.8571 
beta[8]         passed       1         0.1556 
beta[9]         passed       1         0.6300 
delta.alpha[1]  passed       1         0.8023 
delta.alpha[10] passed       1         0.6233 
delta.alpha[2]  passed       1         0.6066 
delta.alpha[3]  passed       1         0.9982 
delta.alpha[4]  passed       1         0.9090 
delta.alpha[5]  passed       1         0.3910 
delta.alpha[6]  passed       1         0.2891 
delta.alpha[7]  passed       1         0.7555 
delta.alpha[8]  passed       1         0.4518 
delta.alpha[9]  passed       1         0.0696 
deviance        passed       1         0.6457 
mu.alpha        passed       1         0.9100 
mu.beta         passed       1         0.2514 
mu.delta.alpha  passed       1         0.4740 
                                             
                Halfwidth Mean      Halfwidth
                test                         
alpha[1]        passed     4.38e+00 0.007748 
alpha[10]       passed     6.04e+00 0.017015 
alpha[2]        passed     4.96e+00 0.011060 
alpha[3]        passed     4.20e+00 0.008032 
alpha[4]        passed     3.98e+00 0.007203 
alpha[5]        passed     5.54e+00 0.018534 
alpha[6]        passed     2.87e+00 0.005417 
alpha[7]        passed     3.52e+00 0.007650 
alpha[8]        passed     3.01e+00 0.005240 
alpha[9]        passed     5.57e+00 0.013159 
beta[1]         passed     5.44e-02 0.000157 
beta[10]        passed     6.69e-02 0.000351 
beta[2]         passed     6.01e-02 0.000171 
beta[3]         passed     6.01e-02 0.000221 
beta[4]         passed     6.02e-02 0.000150 
beta[5]         passed     8.22e-02 0.000409 
beta[6]         passed     4.96e-02 0.000140 
beta[7]         passed     7.35e-02 0.000225 
beta[8]         passed     4.78e-02 0.000141 
beta[9]         passed     5.37e-02 0.000178 
delta.alpha[1]  failed     6.87e-02 0.005132 
delta.alpha[10] passed     1.89e-01 0.007089 
delta.alpha[2]  failed     3.58e-02 0.004763 
delta.alpha[3]  passed     1.45e-01 0.005656 
delta.alpha[4]  failed    -6.15e-02 0.005223 
delta.alpha[5]  passed     1.33e-01 0.005564 
delta.alpha[6]  failed     6.72e-03 0.004740 
delta.alpha[7]  failed     2.26e-02 0.004549 
delta.alpha[8]  passed     1.15e-01 0.004535 
delta.alpha[9]  failed     3.36e-02 0.005580 
deviance        passed     1.52e+03 0.181300 
mu.alpha        passed     4.31e+00 0.010030 
mu.beta         passed     6.09e-02 0.000147 
mu.delta.alpha  failed     6.92e-02 0.003606 

Chain 11, epsilon=0.121, alpha=0.005                                              
                Stationarity start     p-value
                test         iteration        
alpha[1]        passed       1         0.06424
alpha[10]       passed       1         0.84741
alpha[2]        passed       1         0.40727
alpha[3]        passed       1         0.14024
alpha[4]        passed       1         0.26943
alpha[5]        passed       1         0.89694
alpha[6]        passed       1         0.69953
alpha[7]        passed       1         0.46676
alpha[8]        passed       1         0.71914
alpha[9]        passed       1         0.16648
beta[1]         passed       1         0.08283
beta[10]        passed       1         0.45146
beta[2]         passed       1         0.32165
beta[3]         passed       1         0.30745
beta[4]         passed       1         0.72288
beta[5]         passed       1         0.88967
beta[6]         passed       1         0.89585
beta[7]         passed       1         0.56719
beta[8]         passed       1         0.84259
beta[9]         passed       1         0.30435
delta.alpha[1]  passed       1         0.03124
delta.alpha[10] passed       1         0.22852
delta.alpha[2]  passed       1         0.13203
delta.alpha[3]  passed       1         0.00876
delta.alpha[4]  passed       1         0.50618
delta.alpha[5]  passed       1         0.40449
delta.alpha[6]  passed       1         0.38677
delta.alpha[7]  passed       1         0.49207
delta.alpha[8]  passed       1         0.97956
delta.alpha[9]  passed       1         0.95331
deviance        passed       1         0.58074
mu.alpha        passed       1         0.13953
mu.beta         passed       1         0.91857
mu.delta.alpha  passed       1         0.08154
                                             
                Halfwidth Mean      Halfwidth
                test                         
alpha[1]        passed     4.38e+00 0.007797 
alpha[10]       passed     6.06e+00 0.017717 
alpha[2]        passed     4.99e+00 0.011049 
alpha[3]        passed     4.20e+00 0.008354 
alpha[4]        passed     3.98e+00 0.007032 
alpha[5]        passed     5.57e+00 0.018234 
alpha[6]        passed     2.86e+00 0.005417 
alpha[7]        passed     3.52e+00 0.007533 
alpha[8]        passed     3.01e+00 0.005144 
alpha[9]        passed     5.57e+00 0.012704 
beta[1]         passed     5.44e-02 0.000158 
beta[10]        passed     6.72e-02 0.000355 
beta[2]         passed     6.04e-02 0.000179 
beta[3]         passed     6.03e-02 0.000223 
beta[4]         passed     6.02e-02 0.000149 
beta[5]         passed     8.28e-02 0.000405 
beta[6]         passed     4.94e-02 0.000133 
beta[7]         passed     7.35e-02 0.000211 
beta[8]         passed     4.78e-02 0.000144 
beta[9]         passed     5.37e-02 0.000174 
delta.alpha[1]  passed     6.64e-02 0.004999 
delta.alpha[10] passed     1.96e-01 0.007034 
delta.alpha[2]  failed     3.50e-02 0.004870 
delta.alpha[3]  passed     1.51e-01 0.005825 
delta.alpha[4]  passed    -5.82e-02 0.005070 
delta.alpha[5]  passed     1.29e-01 0.005527 
delta.alpha[6]  failed     2.61e-03 0.004630 
delta.alpha[7]  failed     2.68e-02 0.004652 
delta.alpha[8]  passed     1.15e-01 0.004455 
delta.alpha[9]  failed     3.86e-02 0.005377 
deviance        passed     1.51e+03 0.184491 
mu.alpha        passed     4.33e+00 0.009638 
mu.beta         passed     6.10e-02 0.000154 
mu.delta.alpha  passed     6.92e-02 0.003600 

Chain 12, epsilon=0.112, alpha=0.05                                              
                Stationarity start     p-value
                test         iteration        
alpha[1]        passed       1         0.1601 
alpha[10]       passed       1         0.8833 
alpha[2]        passed       1         0.2841 
alpha[3]        passed       1         0.1493 
alpha[4]        passed       1         0.1822 
alpha[5]        passed       1         0.6490 
alpha[6]        passed       1         0.0904 
alpha[7]        passed       1         0.8795 
alpha[8]        passed       1         0.5222 
alpha[9]        passed       1         0.7092 
beta[1]         passed       1         0.2069 
beta[10]        passed       1         0.6341 
beta[2]         passed       1         0.2906 
beta[3]         passed       1         0.5762 
beta[4]         passed       1         0.1353 
beta[5]         passed       1         0.3963 
beta[6]         passed       1         0.6039 
beta[7]         passed       1         0.7104 
beta[8]         passed       1         0.9452 
beta[9]         passed       1         0.3355 
delta.alpha[1]  passed       1         0.0711 
delta.alpha[10] passed       1         0.7129 
delta.alpha[2]  passed       1         0.5141 
delta.alpha[3]  passed       1         0.1851 
delta.alpha[4]  passed       1         0.3862 
delta.alpha[5]  passed       1         0.4751 
delta.alpha[6]  passed       1         0.4317 
delta.alpha[7]  passed       1         0.0998 
delta.alpha[8]  passed       1         0.4566 
delta.alpha[9]  passed       1         0.7049 
deviance        passed       1         0.3135 
mu.alpha        passed       1         0.4788 
mu.beta         passed       1         0.1164 
mu.delta.alpha  passed       1         0.0504 
                                             
                Halfwidth Mean      Halfwidth
                test                         
alpha[1]        passed     4.38e+00 0.007809 
alpha[10]       passed     6.06e+00 0.017350 
alpha[2]        passed     4.97e+00 0.010937 
alpha[3]        passed     4.20e+00 0.008053 
alpha[4]        passed     3.98e+00 0.006975 
alpha[5]        passed     5.56e+00 0.018305 
alpha[6]        passed     2.87e+00 0.005406 
alpha[7]        passed     3.52e+00 0.007671 
alpha[8]        passed     3.01e+00 0.004940 
alpha[9]        passed     5.55e+00 0.012982 
beta[1]         passed     5.44e-02 0.000157 
beta[10]        passed     6.73e-02 0.000343 
beta[2]         passed     6.02e-02 0.000177 
beta[3]         passed     6.00e-02 0.000215 
beta[4]         passed     6.03e-02 0.000148 
beta[5]         passed     8.25e-02 0.000415 
beta[6]         passed     4.95e-02 0.000136 
beta[7]         passed     7.34e-02 0.000222 
beta[8]         passed     4.78e-02 0.000140 
beta[9]         passed     5.35e-02 0.000180 
delta.alpha[1]  passed     6.64e-02 0.005131 
delta.alpha[10] passed     1.95e-01 0.007318 
delta.alpha[2]  failed     4.13e-02 0.004889 
delta.alpha[3]  passed     1.52e-01 0.005723 
delta.alpha[4]  passed    -6.16e-02 0.005195 
delta.alpha[5]  passed     1.31e-01 0.005469 
delta.alpha[6]  failed     3.51e-03 0.004585 
delta.alpha[7]  failed     2.83e-02 0.004562 
delta.alpha[8]  passed     1.18e-01 0.004629 
delta.alpha[9]  failed     4.28e-02 0.005547 
deviance        passed     1.52e+03 0.181796 
mu.alpha        passed     4.32e+00 0.009950 
mu.beta         passed     6.09e-02 0.000142 
mu.delta.alpha  passed     7.24e-02 0.003665 

Chain 13, epsilon=0.143, alpha=0.1                                              
                Stationarity start     p-value
                test         iteration        
alpha[1]        passed         1       0.511  
alpha[10]       passed         1       0.847  
alpha[2]        passed       990       0.138  
alpha[3]        passed         1       0.709  
alpha[4]        passed         1       0.336  
alpha[5]        passed         1       0.312  
alpha[6]        passed         1       0.212  
alpha[7]        passed         1       0.258  
alpha[8]        passed         1       0.668  
alpha[9]        passed         1       0.954  
beta[1]         passed         1       0.676  
beta[10]        passed         1       0.520  
beta[2]         passed       990       0.325  
beta[3]         passed         1       0.488  
beta[4]         passed         1       0.301  
beta[5]         passed         1       0.260  
beta[6]         passed         1       0.572  
beta[7]         passed         1       0.302  
beta[8]         passed         1       0.552  
beta[9]         passed         1       0.904  
delta.alpha[1]  passed         1       0.764  
delta.alpha[10] passed         1       0.804  
delta.alpha[2]  passed         1       0.689  
delta.alpha[3]  passed         1       0.691  
delta.alpha[4]  passed         1       0.138  
delta.alpha[5]  passed         1       0.208  
delta.alpha[6]  passed         1       0.423  
delta.alpha[7]  passed         1       0.109  
delta.alpha[8]  passed         1       0.595  
delta.alpha[9]  passed         1       0.132  
deviance        passed         1       0.228  
mu.alpha        passed         1       0.949  
mu.beta         passed         1       0.158  
mu.delta.alpha  passed         1       0.256  
                                             
                Halfwidth Mean      Halfwidth
                test                         
alpha[1]        passed     4.38e+00 0.007987 
alpha[10]       passed     6.05e+00 0.017916 
alpha[2]        passed     4.96e+00 0.011507 
alpha[3]        passed     4.19e+00 0.007854 
alpha[4]        passed     3.98e+00 0.006996 
alpha[5]        passed     5.53e+00 0.018014 
alpha[6]        passed     2.87e+00 0.005411 
alpha[7]        passed     3.52e+00 0.007627 
alpha[8]        passed     3.01e+00 0.005035 
alpha[9]        passed     5.55e+00 0.012613 
beta[1]         passed     5.46e-02 0.000157 
beta[10]        passed     6.71e-02 0.000349 
beta[2]         passed     6.01e-02 0.000184 
beta[3]         passed     6.01e-02 0.000218 
beta[4]         passed     6.02e-02 0.000151 
beta[5]         passed     8.21e-02 0.000409 
beta[6]         passed     4.96e-02 0.000132 
beta[7]         passed     7.34e-02 0.000218 
beta[8]         passed     4.79e-02 0.000151 
beta[9]         passed     5.35e-02 0.000172 
delta.alpha[1]  passed     6.55e-02 0.005014 
delta.alpha[10] passed     2.02e-01 0.007341 
delta.alpha[2]  passed     3.55e-02 0.004972 
delta.alpha[3]  passed     1.48e-01 0.005676 
delta.alpha[4]  passed    -5.85e-02 0.005281 
delta.alpha[5]  passed     1.34e-01 0.005520 
delta.alpha[6]  failed     2.85e-03 0.004555 
delta.alpha[7]  failed     2.27e-02 0.004767 
delta.alpha[8]  passed     1.21e-01 0.004522 
delta.alpha[9]  passed     3.57e-02 0.005085 
deviance        passed     1.52e+03 0.180270 
mu.alpha        passed     4.31e+00 0.009901 
mu.beta         passed     6.09e-02 0.000150 
mu.delta.alpha  passed     6.98e-02 0.003616 

Chain 14, epsilon=0.199, alpha=0.025                                              
                Stationarity start     p-value
                test         iteration        
alpha[1]        passed       1         0.5270 
alpha[10]       passed       1         0.4179 
alpha[2]        passed       1         0.2929 
alpha[3]        passed       1         0.8661 
alpha[4]        passed       1         0.4081 
alpha[5]        passed       1         0.1102 
alpha[6]        passed       1         0.2208 
alpha[7]        passed       1         0.1764 
alpha[8]        passed       1         0.2520 
alpha[9]        passed       1         0.7760 
beta[1]         passed       1         0.8088 
beta[10]        passed       1         0.8917 
beta[2]         passed       1         0.3975 
beta[3]         passed       1         0.9840 
beta[4]         passed       1         0.6062 
beta[5]         passed       1         0.0772 
beta[6]         passed       1         0.4019 
beta[7]         passed       1         0.0603 
beta[8]         passed       1         0.3477 
beta[9]         passed       1         0.4470 
delta.alpha[1]  passed       1         0.9415 
delta.alpha[10] passed       1         0.5956 
delta.alpha[2]  passed       1         0.7628 
delta.alpha[3]  passed       1         0.3743 
delta.alpha[4]  passed       1         0.8147 
delta.alpha[5]  passed       1         0.9434 
delta.alpha[6]  passed       1         0.5776 
delta.alpha[7]  passed       1         0.9329 
delta.alpha[8]  passed       1         0.9996 
delta.alpha[9]  passed       1         0.1117 
deviance        passed       1         0.4528 
mu.alpha        passed       1         0.2588 
mu.beta         passed       1         0.2391 
mu.delta.alpha  passed       1         0.9616 
                                             
                Halfwidth Mean      Halfwidth
                test                         
alpha[1]        passed     4.38e+00 0.007914 
alpha[10]       passed     6.05e+00 0.017622 
alpha[2]        passed     4.98e+00 0.011067 
alpha[3]        passed     4.19e+00 0.008245 
alpha[4]        passed     3.99e+00 0.007072 
alpha[5]        passed     5.55e+00 0.017402 
alpha[6]        passed     2.87e+00 0.005418 
alpha[7]        passed     3.52e+00 0.007592 
alpha[8]        passed     3.01e+00 0.005203 
alpha[9]        passed     5.57e+00 0.012562 
beta[1]         passed     5.45e-02 0.000158 
beta[10]        passed     6.69e-02 0.000362 
beta[2]         passed     6.03e-02 0.000180 
beta[3]         passed     6.00e-02 0.000213 
beta[4]         passed     6.04e-02 0.000156 
beta[5]         passed     8.24e-02 0.000403 
beta[6]         passed     4.96e-02 0.000129 
beta[7]         passed     7.35e-02 0.000220 
beta[8]         passed     4.78e-02 0.000148 
beta[9]         passed     5.38e-02 0.000173 
delta.alpha[1]  passed     6.32e-02 0.004967 
delta.alpha[10] passed     1.88e-01 0.007080 
delta.alpha[2]  passed     3.37e-02 0.004799 
delta.alpha[3]  passed     1.48e-01 0.005761 
delta.alpha[4]  passed    -6.10e-02 0.005157 
delta.alpha[5]  passed     1.27e-01 0.005331 
delta.alpha[6]  failed     5.93e-03 0.004557 
delta.alpha[7]  passed     2.39e-02 0.004622 
delta.alpha[8]  passed     1.14e-01 0.004561 
delta.alpha[9]  passed     4.12e-02 0.005350 
deviance        passed     1.52e+03 0.181884 
mu.alpha        passed     4.33e+00 0.010044 
mu.beta         passed     6.09e-02 0.000151 
mu.delta.alpha  passed     6.88e-02 0.003534 

Chain 15, epsilon=0.112, alpha=0.025                                              
                Stationarity start     p-value
                test         iteration        
alpha[1]        passed       1         0.9176 
alpha[10]       passed       1         0.6905 
alpha[2]        passed       1         0.8372 
alpha[3]        passed       1         0.5384 
alpha[4]        passed       1         0.1282 
alpha[5]        passed       1         0.4420 
alpha[6]        passed       1         0.3052 
alpha[7]        passed       1         0.4103 
alpha[8]        passed       1         0.7353 
alpha[9]        passed       1         0.4938 
beta[1]         passed       1         0.8130 
beta[10]        passed       1         0.6681 
beta[2]         passed       1         0.6554 
beta[3]         passed       1         0.3383 
beta[4]         passed       1         0.0765 
beta[5]         passed       1         0.5133 
beta[6]         passed       1         0.0783 
beta[7]         passed       1         0.7004 
beta[8]         passed       1         0.8282 
beta[9]         passed       1         0.1622 
delta.alpha[1]  passed       1         0.7797 
delta.alpha[10] passed       1         0.6559 
delta.alpha[2]  passed       1         0.1077 
delta.alpha[3]  passed       1         0.7086 
delta.alpha[4]  passed       1         0.2887 
delta.alpha[5]  passed       1         0.2025 
delta.alpha[6]  passed       1         0.6052 
delta.alpha[7]  passed       1         0.7334 
delta.alpha[8]  passed       1         0.2172 
delta.alpha[9]  passed       1         0.3726 
deviance        passed       1         0.5581 
mu.alpha        passed       1         0.5216 
mu.beta         passed       1         0.2677 
mu.delta.alpha  passed       1         0.7148 
                                             
                Halfwidth Mean      Halfwidth
                test                         
alpha[1]        passed     4.38e+00 0.008246 
alpha[10]       passed     6.05e+00 0.017659 
alpha[2]        passed     4.96e+00 0.010930 
alpha[3]        passed     4.19e+00 0.007989 
alpha[4]        passed     3.99e+00 0.007157 
alpha[5]        passed     5.54e+00 0.017848 
alpha[6]        passed     2.86e+00 0.005374 
alpha[7]        passed     3.52e+00 0.007594 
alpha[8]        passed     3.01e+00 0.004951 
alpha[9]        passed     5.57e+00 0.012748 
beta[1]         passed     5.45e-02 0.000160 
beta[10]        passed     6.70e-02 0.000360 
beta[2]         passed     6.00e-02 0.000172 
beta[3]         passed     5.99e-02 0.000211 
beta[4]         passed     6.03e-02 0.000155 
beta[5]         passed     8.22e-02 0.000404 
beta[6]         passed     4.94e-02 0.000134 
beta[7]         passed     7.33e-02 0.000218 
beta[8]         passed     4.78e-02 0.000141 
beta[9]         passed     5.36e-02 0.000173 
delta.alpha[1]  passed     7.21e-02 0.005037 
delta.alpha[10] passed     1.89e-01 0.006860 
delta.alpha[2]  failed     3.37e-02 0.004746 
delta.alpha[3]  passed     1.52e-01 0.005698 
delta.alpha[4]  passed    -5.46e-02 0.005332 
delta.alpha[5]  passed     1.30e-01 0.005384 
delta.alpha[6]  failed     6.89e-03 0.004625 
delta.alpha[7]  failed     2.67e-02 0.004758 
delta.alpha[8]  passed     1.19e-01 0.004624 
delta.alpha[9]  failed     3.95e-02 0.005489 
deviance        passed     1.52e+03 0.183926 
mu.alpha        passed     4.30e+00 0.009743 
mu.beta         passed     6.09e-02 0.000148 
mu.delta.alpha  passed     7.15e-02 0.003649 

********** The Raftery-Lewis diagnostic: **********

Chain 1, converge.eps = 0.001
Quantile (q) = 0.025
Accuracy (r) = +/- 0.005
Probability (s) = 0.95 
                                                       
                 Burn-in  Total Lower bound  Dependence
                 (M)      (N)   (Nmin)       factor (I)
 alpha[1]        2        3847  3746         1.030     
 alpha[10]       1        3752  3746         1.000     
 alpha[2]        2        3784  3746         1.010     
 alpha[3]        2        3770  3746         1.010     
 alpha[4]        2        3784  3746         1.010     
 alpha[5]        2        3976  3746         1.060     
 alpha[6]        2        3722  3746         0.994     
 alpha[7]        2        3815  3746         1.020     
 alpha[8]        1        3752  3746         1.000     
 alpha[9]        3        4010  3746         1.070     
 beta[1]         2        3815  3746         1.020     
 beta[10]        3        4010  3746         1.070     
 beta[2]         1        3752  3746         1.000     
 beta[3]         2        3722  3746         0.994     
 beta[4]         1        3752  3746         1.000     
 beta[5]         3        4111  3746         1.100     
 beta[6]         2        3815  3746         1.020     
 beta[7]         2        3911  3746         1.040     
 beta[8]         2        3815  3746         1.020     
 beta[9]         2        3784  3746         1.010     
 delta.alpha[1]  2        3722  3746         0.994     
 delta.alpha[10] 2        3661  3746         0.977     
 delta.alpha[2]  2        3784  3746         1.010     
 delta.alpha[3]  2        3691  3746         0.985     
 delta.alpha[4]  2        3784  3746         1.010     
 delta.alpha[5]  2        3815  3746         1.020     
 delta.alpha[6]  2        3630  3746         0.969     
 delta.alpha[7]  1        3752  3746         1.000     
 delta.alpha[8]  2        3784  3746         1.010     
 delta.alpha[9]  2        3601  3746         0.961     
 deviance        2        3943  3746         1.050     
 mu.alpha        2        3784  3746         1.010     
 mu.beta         2        3815  3746         1.020     
 mu.delta.alpha  2        3722  3746         0.994     


Chain 2, converge.eps = 5e-04
Quantile (q) = 0.25
Accuracy (r) = +/- 0.001
Probability (s) = 0.95 

You need a sample size of at least 720274 with these values of q, r and s

Chain 3, converge.eps = 0.005
Quantile (q) = 0.25
Accuracy (r) = +/- 0.001
Probability (s) = 0.99 

You need a sample size of at least 1244044 with these values of q, r and s

Chain 4, converge.eps = 0.0025
Quantile (q) = 0.001
Accuracy (r) = +/- 0.0025
Probability (s) = 0.975 
                                                       
                 Burn-in  Total Lower bound  Dependence
                 (M)      (N)   (Nmin)       factor (I)
 alpha[1]        1        812   804          1.010     
 alpha[10]       1        812   804          1.010     
 alpha[2]        1        812   804          1.010     
 alpha[3]        1        812   804          1.010     
 alpha[4]        1        812   804          1.010     
 alpha[5]        1        812   804          1.010     
 alpha[6]        1        812   804          1.010     
 alpha[7]        1        812   804          1.010     
 alpha[8]        1        812   804          1.010     
 alpha[9]        1        812   804          1.010     
 beta[1]         1        812   804          1.010     
 beta[10]        1        812   804          1.010     
 beta[2]         1        812   804          1.010     
 beta[3]         1        812   804          1.010     
 beta[4]         1        812   804          1.010     
 beta[5]         1        812   804          1.010     
 beta[6]         1        812   804          1.010     
 beta[7]         1        812   804          1.010     
 beta[8]         1        812   804          1.010     
 beta[9]         1        812   804          1.010     
 delta.alpha[1]  1        812   804          1.010     
 delta.alpha[10] 1        731   804          0.909     
 delta.alpha[2]  1        812   804          1.010     
 delta.alpha[3]  1        812   804          1.010     
 delta.alpha[4]  1        812   804          1.010     
 delta.alpha[5]  1        731   804          0.909     
 delta.alpha[6]  1        812   804          1.010     
 delta.alpha[7]  1        812   804          1.010     
 delta.alpha[8]  1        812   804          1.010     
 delta.alpha[9]  1        812   804          1.010     
 deviance        1        812   804          1.010     
 mu.alpha        1        812   804          1.010     
 mu.beta         1        812   804          1.010     
 mu.delta.alpha  1        812   804          1.010     


Chain 5, converge.eps = 5e-04
Quantile (q) = 0.1
Accuracy (r) = +/- 0.0025
Probability (s) = 0.95 

You need a sample size of at least 55318 with these values of q, r and s

Chain 6, converge.eps = 2e-04
Quantile (q) = 0.001
Accuracy (r) = +/- 0.005
Probability (s) = 0.9 
                                                       
                 Burn-in  Total Lower bound  Dependence
                 (M)      (N)   (Nmin)       factor (I)
 alpha[1]        2        112   109          1.03      
 alpha[10]       2        112   109          1.03      
 alpha[2]        2        112   109          1.03      
 alpha[3]        2        112   109          1.03      
 alpha[4]        2        112   109          1.03      
 alpha[5]        2        112   109          1.03      
 alpha[6]        2        112   109          1.03      
 alpha[7]        2        112   109          1.03      
 alpha[8]        2        112   109          1.03      
 alpha[9]        2        112   109          1.03      
 beta[1]         2        112   109          1.03      
 beta[10]        2        112   109          1.03      
 beta[2]         2        112   109          1.03      
 beta[3]         2        112   109          1.03      
 beta[4]         2        112   109          1.03      
 beta[5]         2        112   109          1.03      
 beta[6]         4        138   109          1.27      
 beta[7]         2        112   109          1.03      
 beta[8]         2        112   109          1.03      
 beta[9]         2        112   109          1.03      
 delta.alpha[1]  2        112   109          1.03      
 delta.alpha[10] 2        112   109          1.03      
 delta.alpha[2]  2        112   109          1.03      
 delta.alpha[3]  2        112   109          1.03      
 delta.alpha[4]  2        112   109          1.03      
 delta.alpha[5]  2        112   109          1.03      
 delta.alpha[6]  2        112   109          1.03      
 delta.alpha[7]  2        112   109          1.03      
 delta.alpha[8]  2        112   109          1.03      
 delta.alpha[9]  2        112   109          1.03      
 deviance        2        112   109          1.03      
 mu.alpha        2        112   109          1.03      
 mu.beta         2        112   109          1.03      
 mu.delta.alpha  2        112   109          1.03      


Chain 7, converge.eps = 0.001
Quantile (q) = 0.25
Accuracy (r) = +/- 0.0025
Probability (s) = 0.975 

You need a sample size of at least 150717 with these values of q, r and s

Chain 8, converge.eps = 0.005
Quantile (q) = 0.25
Accuracy (r) = +/- 0.001
Probability (s) = 0.975 

You need a sample size of at least 941979 with these values of q, r and s

Chain 9, converge.eps = 0.001
Quantile (q) = 0.001
Accuracy (r) = +/- 0.001
Probability (s) = 0.99 
                                                       
                 Burn-in  Total Lower bound  Dependence
                 (M)      (N)   (Nmin)       factor (I)
 alpha[1]        2        6692  6629         1.01      
 alpha[10]       2        6692  6629         1.01      
 alpha[2]        2        6692  6629         1.01      
 alpha[3]        2        6692  6629         1.01      
 alpha[4]        2        6692  6629         1.01      
 alpha[5]        2        6692  6629         1.01      
 alpha[6]        2        6692  6629         1.01      
 alpha[7]        2        6692  6629         1.01      
 alpha[8]        2        6692  6629         1.01      
 alpha[9]        2        6692  6629         1.01      
 beta[1]         2        6692  6629         1.01      
 beta[10]        2        6692  6629         1.01      
 beta[2]         2        6692  6629         1.01      
 beta[3]         2        6692  6629         1.01      
 beta[4]         2        6692  6629         1.01      
 beta[5]         2        6692  6629         1.01      
 beta[6]         2        6692  6629         1.01      
 beta[7]         2        6692  6629         1.01      
 beta[8]         2        6692  6629         1.01      
 beta[9]         2        6692  6629         1.01      
 delta.alpha[1]  2        6692  6629         1.01      
 delta.alpha[10] 2        6692  6629         1.01      
 delta.alpha[2]  2        6692  6629         1.01      
 delta.alpha[3]  2        6692  6629         1.01      
 delta.alpha[4]  2        6692  6629         1.01      
 delta.alpha[5]  2        6692  6629         1.01      
 delta.alpha[6]  2        6692  6629         1.01      
 delta.alpha[7]  2        6692  6629         1.01      
 delta.alpha[8]  2        6692  6629         1.01      
 delta.alpha[9]  2        6692  6629         1.01      
 deviance        2        6692  6629         1.01      
 mu.alpha        2        6692  6629         1.01      
 mu.beta         2        6692  6629         1.01      
 mu.delta.alpha  2        6692  6629         1.01      


Chain 10, converge.eps = 2e-04
Quantile (q) = 0.1
Accuracy (r) = +/- 5e-04
Probability (s) = 0.95 

You need a sample size of at least 1382926 with these values of q, r and s

Chain 11, converge.eps = 0.001
Quantile (q) = 0.01
Accuracy (r) = +/- 0.005
Probability (s) = 0.999 
                                                       
                 Burn-in  Total Lower bound  Dependence
                 (M)      (N)   (Nmin)       factor (I)
 alpha[1]        1        4295  4288         1.000     
 alpha[10]       2        4384  4288         1.020     
 alpha[2]        1        4295  4288         1.000     
 alpha[3]        1        4295  4288         1.000     
 alpha[4]        2        4384  4288         1.020     
 alpha[5]        2        4567  4288         1.070     
 alpha[6]        2        4209  4288         0.982     
 alpha[7]        1        4295  4288         1.000     
 alpha[8]        1        4253  4288         0.992     
 alpha[9]        1        4295  4288         1.000     
 beta[1]         2        4384  4288         1.020     
 beta[10]        1        4295  4288         1.000     
 beta[2]         1        4295  4288         1.000     
 beta[3]         2        4209  4288         0.982     
 beta[4]         2        4209  4288         0.982     
 beta[5]         2        4209  4288         0.982     
 beta[6]         1        4295  4288         1.000     
 beta[7]         2        4384  4288         1.020     
 beta[8]         2        4521  4288         1.050     
 beta[9]         2        4384  4288         1.020     
 delta.alpha[1]  2        4209  4288         0.982     
 delta.alpha[10] 2        4209  4288         0.982     
 delta.alpha[2]  1        4295  4288         1.000     
 delta.alpha[3]  1        4295  4288         1.000     
 delta.alpha[4]  1        4295  4288         1.000     
 delta.alpha[5]  2        4209  4288         0.982     
 delta.alpha[6]  1        4295  4288         1.000     
 delta.alpha[7]  1        4295  4288         1.000     
 delta.alpha[8]  2        4475  4288         1.040     
 delta.alpha[9]  2        4384  4288         1.020     
 deviance        2        4567  4288         1.070     
 mu.alpha        2        4209  4288         0.982     
 mu.beta         1        4295  4288         1.000     
 mu.delta.alpha  1        4295  4288         1.000     


Chain 12, converge.eps = 5e-04
Quantile (q) = 0.001
Accuracy (r) = +/- 0.005
Probability (s) = 0.99 
                                                       
                 Burn-in  Total Lower bound  Dependence
                 (M)      (N)   (Nmin)       factor (I)
 alpha[1]        2        270   266          1.02      
 alpha[10]       2        270   266          1.02      
 alpha[2]        2        270   266          1.02      
 alpha[3]        2        270   266          1.02      
 alpha[4]        2        270   266          1.02      
 alpha[5]        2        270   266          1.02      
 alpha[6]        2        270   266          1.02      
 alpha[7]        2        270   266          1.02      
 alpha[8]        2        270   266          1.02      
 alpha[9]        2        270   266          1.02      
 beta[1]         2        270   266          1.02      
 beta[10]        2        270   266          1.02      
 beta[2]         2        270   266          1.02      
 beta[3]         2        270   266          1.02      
 beta[4]         2        270   266          1.02      
 beta[5]         2        270   266          1.02      
 beta[6]         2        270   266          1.02      
 beta[7]         2        270   266          1.02      
 beta[8]         2        270   266          1.02      
 beta[9]         2        270   266          1.02      
 delta.alpha[1]  2        270   266          1.02      
 delta.alpha[10] 2        270   266          1.02      
 delta.alpha[2]  2        270   266          1.02      
 delta.alpha[3]  2        270   266          1.02      
 delta.alpha[4]  2        270   266          1.02      
 delta.alpha[5]  2        270   266          1.02      
 delta.alpha[6]  2        270   266          1.02      
 delta.alpha[7]  2        270   266          1.02      
 delta.alpha[8]  2        270   266          1.02      
 delta.alpha[9]  2        270   266          1.02      
 deviance        2        270   266          1.02      
 mu.alpha        2        270   266          1.02      
 mu.beta         2        270   266          1.02      
 mu.delta.alpha  2        270   266          1.02      


Chain 13, converge.eps = 0.0025
Quantile (q) = 0.001
Accuracy (r) = +/- 0.001
Probability (s) = 0.95 
                                                       
                 Burn-in  Total Lower bound  Dependence
                 (M)      (N)   (Nmin)       factor (I)
 alpha[1]        1        3874  3838         1.01      
 alpha[10]       1        3874  3838         1.01      
 alpha[2]        1        3874  3838         1.01      
 alpha[3]        1        3874  3838         1.01      
 alpha[4]        1        3874  3838         1.01      
 alpha[5]        3        4738  3838         1.23      
 alpha[6]        1        3874  3838         1.01      
 alpha[7]        1        3874  3838         1.01      
 alpha[8]        1        3874  3838         1.01      
 alpha[9]        1        3874  3838         1.01      
 beta[1]         1        3874  3838         1.01      
 beta[10]        1        3874  3838         1.01      
 beta[2]         1        3874  3838         1.01      
 beta[3]         1        3874  3838         1.01      
 beta[4]         1        3874  3838         1.01      
 beta[5]         3        4738  3838         1.23      
 beta[6]         1        3874  3838         1.01      
 beta[7]         1        3874  3838         1.01      
 beta[8]         1        3874  3838         1.01      
 beta[9]         1        3874  3838         1.01      
 delta.alpha[1]  1        3874  3838         1.01      
 delta.alpha[10] 1        3874  3838         1.01      
 delta.alpha[2]  1        3874  3838         1.01      
 delta.alpha[3]  1        3874  3838         1.01      
 delta.alpha[4]  1        3874  3838         1.01      
 delta.alpha[5]  1        3874  3838         1.01      
 delta.alpha[6]  1        3874  3838         1.01      
 delta.alpha[7]  1        3874  3838         1.01      
 delta.alpha[8]  1        3874  3838         1.01      
 delta.alpha[9]  1        3874  3838         1.01      
 deviance        1        3874  3838         1.01      
 mu.alpha        1        3874  3838         1.01      
 mu.beta         1        3874  3838         1.01      
 mu.delta.alpha  1        3874  3838         1.01      


Chain 14, converge.eps = 2e-04
Quantile (q) = 0.001
Accuracy (r) = +/- 0.0025
Probability (s) = 0.9 
                                                       
                 Burn-in  Total Lower bound  Dependence
                 (M)      (N)   (Nmin)       factor (I)
 alpha[1]        2        439   433          1.01      
 alpha[10]       2        439   433          1.01      
 alpha[2]        2        439   433          1.01      
 alpha[3]        2        439   433          1.01      
 alpha[4]        2        439   433          1.01      
 alpha[5]        2        439   433          1.01      
 alpha[6]        2        439   433          1.01      
 alpha[7]        2        439   433          1.01      
 alpha[8]        2        439   433          1.01      
 alpha[9]        2        439   433          1.01      
 beta[1]         2        439   433          1.01      
 beta[10]        2        439   433          1.01      
 beta[2]         2        439   433          1.01      
 beta[3]         2        439   433          1.01      
 beta[4]         2        439   433          1.01      
 beta[5]         2        439   433          1.01      
 beta[6]         2        439   433          1.01      
 beta[7]         4        538   433          1.24      
 beta[8]         2        439   433          1.01      
 beta[9]         2        439   433          1.01      
 delta.alpha[1]  2        439   433          1.01      
 delta.alpha[10] 2        439   433          1.01      
 delta.alpha[2]  2        439   433          1.01      
 delta.alpha[3]  2        439   433          1.01      
 delta.alpha[4]  2        439   433          1.01      
 delta.alpha[5]  2        439   433          1.01      
 delta.alpha[6]  2        439   433          1.01      
 delta.alpha[7]  2        439   433          1.01      
 delta.alpha[8]  2        439   433          1.01      
 delta.alpha[9]  2        439   433          1.01      
 deviance        2        439   433          1.01      
 mu.alpha        2        439   433          1.01      
 mu.beta         2        439   433          1.01      
 mu.delta.alpha  2        439   433          1.01      


Chain 15, converge.eps = 2e-04
Quantile (q) = 0.05
Accuracy (r) = +/- 5e-04
Probability (s) = 0.99 

You need a sample size of at least 1260631 with these values of q, r and s


Inference for Bugs model at "../../rFunctions/jagsModel1A.txt", fit using jags,
 15 chains, each with 1e+06 iterations (first 10000 discarded), n.thin = 100
 n.sims = 148500 iterations saved
                 mu.vect sd.vect     2.5%      25%      50%      75%    97.5%  Rhat  n.eff
alpha[1]           4.378   0.397    3.636    4.106    4.368    4.635    5.194 1.001 150000
alpha[2]           4.965   0.514    4.029    4.611    4.936    5.287    6.055 1.001  50000
alpha[3]           4.197   0.406    3.452    3.917    4.178    4.458    5.046 1.001 150000
alpha[4]           3.985   0.356    3.326    3.741    3.972    4.214    4.725 1.001 150000
alpha[5]           5.546   0.662    4.431    5.073    5.486    5.953    7.015 1.001  70000
alpha[6]           2.865   0.274    2.347    2.676    2.859    3.047    3.420 1.001 150000
alpha[7]           3.518   0.361    2.872    3.265    3.498    3.749    4.281 1.001 120000
alpha[8]           3.010   0.252    2.534    2.835    3.004    3.177    3.521 1.001 150000
alpha[9]           5.563   0.581    4.481    5.165    5.541    5.934    6.773 1.001  94000
alpha[10]          6.053   0.691    4.892    5.570    5.986    6.460    7.596 1.001 150000
beta[1]            0.054   0.008    0.039    0.049    0.054    0.060    0.071 1.001 150000
beta[2]            0.060   0.008    0.045    0.055    0.060    0.065    0.078 1.001  59000
beta[3]            0.060   0.011    0.039    0.053    0.060    0.067    0.082 1.001 150000
beta[4]            0.060   0.008    0.046    0.055    0.060    0.065    0.076 1.001 150000
beta[5]            0.082   0.015    0.057    0.072    0.081    0.092    0.115 1.001 110000
beta[6]            0.049   0.007    0.036    0.045    0.049    0.054    0.063 1.001 140000
beta[7]            0.073   0.010    0.055    0.066    0.073    0.080    0.095 1.001 150000
beta[8]            0.048   0.007    0.034    0.043    0.048    0.053    0.062 1.001 150000
beta[9]            0.054   0.008    0.038    0.048    0.054    0.059    0.070 1.001  89000
beta[10]           0.067   0.014    0.043    0.058    0.066    0.075    0.099 1.001  89000
delta.alpha[1]     0.066   0.255   -0.442   -0.086    0.062    0.214    0.599 1.001 140000
delta.alpha[2]     0.036   0.246   -0.477   -0.109    0.039    0.185    0.526 1.001 150000
delta.alpha[3]     0.150   0.289   -0.338   -0.032    0.118    0.295    0.838 1.001 150000
delta.alpha[4]    -0.060   0.260   -0.665   -0.202   -0.032    0.112    0.386 1.001 120000
delta.alpha[5]     0.132   0.276   -0.351   -0.042    0.106    0.276    0.772 1.001 120000
delta.alpha[6]     0.003   0.235   -0.507   -0.134    0.014    0.153    0.445 1.001 150000
delta.alpha[7]     0.024   0.234   -0.467   -0.115    0.029    0.171    0.478 1.001 150000
delta.alpha[8]     0.116   0.229   -0.303   -0.034    0.103    0.251    0.618 1.001 130000
delta.alpha[9]     0.039   0.275   -0.543   -0.114    0.043    0.197    0.595 1.001 140000
delta.alpha[10]    0.194   0.356   -0.334   -0.023    0.134    0.335    1.105 1.001  97000
mu.alpha           4.315   0.491    3.337    4.016    4.311    4.617    5.294 1.001  69000
mu.beta            0.061   0.007    0.048    0.056    0.060    0.065    0.076 1.001  75000
mu.delta.alpha     0.070   0.179   -0.271   -0.047    0.067    0.183    0.435 1.001 150000
deviance        1515.191   7.952 1501.494 1509.497 1514.541 1520.207 1532.438 1.001 130000

For each parameter, n.eff is a crude measure of effective sample size,
and Rhat is the potential scale reduction factor (at convergence, Rhat=1).

DIC info (using the rule, pD = var(deviance)/2)
pD = 31.6 and DIC = 1546.8
DIC is an estimate of expected predictive error (lower deviance is better).
